23:34:23.571 [main] INFO  com.api.listeners.TestListener - Test suite started
23:34:23.637 [main] INFO  com.api.listeners.TestListener - Test suite Started: loginTest
23:34:26.005 [main] ERROR com.api.listeners.TestListener - Test Failed: loginTest
23:34:26.006 [main] ERROR com.api.listeners.TestListener - Exception: 
java.lang.AssertionError: expected [ashimajain2212@gmail.com] but found [sj@gmail.com]
	at org.testng.Assert.fail(Assert.java:111) ~[testng-7.10.2.jar:7.10.2]
	at org.testng.Assert.failNotEquals(Assert.java:1578) ~[testng-7.10.2.jar:7.10.2]
	at org.testng.Assert.assertEqualsImpl(Assert.java:150) ~[testng-7.10.2.jar:7.10.2]
	at org.testng.Assert.assertEquals(Assert.java:132) ~[testng-7.10.2.jar:7.10.2]
	at org.testng.Assert.assertEquals(Assert.java:656) ~[testng-7.10.2.jar:7.10.2]
	at org.testng.Assert.assertEquals(Assert.java:666) ~[testng-7.10.2.jar:7.10.2]
	at com.api.tests.LoginAPITest.loginTest(LoginAPITest.java:38) ~[test-classes/:?]
	at jdk.internal.reflect.DirectMethodHandleAccessor.invoke(DirectMethodHandleAccessor.java:103) ~[?:?]
	at java.lang.reflect.Method.invoke(Method.java:580) ~[?:?]
	at org.testng.internal.invokers.MethodInvocationHelper.invokeMethod(MethodInvocationHelper.java:141) ~[testng-7.10.2.jar:7.10.2]
	at org.testng.internal.invokers.TestInvoker.invokeMethod(TestInvoker.java:686) ~[testng-7.10.2.jar:7.10.2]
	at org.testng.internal.invokers.TestInvoker.invokeTestMethod(TestInvoker.java:230) ~[testng-7.10.2.jar:7.10.2]
	at org.testng.internal.invokers.MethodRunner.runInSequence(MethodRunner.java:63) ~[testng-7.10.2.jar:7.10.2]
	at org.testng.internal.invokers.TestInvoker$MethodInvocationAgent.invoke(TestInvoker.java:992) ~[testng-7.10.2.jar:7.10.2]
	at org.testng.internal.invokers.TestInvoker.invokeTestMethods(TestInvoker.java:203) ~[testng-7.10.2.jar:7.10.2]
	at org.testng.internal.invokers.TestMethodWorker.invokeTestMethods(TestMethodWorker.java:154) ~[testng-7.10.2.jar:7.10.2]
	at org.testng.internal.invokers.TestMethodWorker.run(TestMethodWorker.java:134) ~[testng-7.10.2.jar:7.10.2]
	at java.util.ArrayList.forEach(ArrayList.java:1596) [?:?]
	at org.testng.TestRunner.privateRun(TestRunner.java:739) [testng-7.10.2.jar:7.10.2]
	at org.testng.TestRunner.run(TestRunner.java:614) [testng-7.10.2.jar:7.10.2]
	at org.testng.SuiteRunner.runTest(SuiteRunner.java:421) [testng-7.10.2.jar:7.10.2]
	at org.testng.SuiteRunner.runSequentially(SuiteRunner.java:413) [testng-7.10.2.jar:7.10.2]
	at org.testng.SuiteRunner.privateRun(SuiteRunner.java:373) [testng-7.10.2.jar:7.10.2]
	at org.testng.SuiteRunner.run(SuiteRunner.java:312) [testng-7.10.2.jar:7.10.2]
	at org.testng.SuiteRunnerWorker.runSuite(SuiteRunnerWorker.java:52) [testng-7.10.2.jar:7.10.2]
	at org.testng.SuiteRunnerWorker.run(SuiteRunnerWorker.java:95) [testng-7.10.2.jar:7.10.2]
	at org.testng.TestNG.runSuitesSequentially(TestNG.java:1274) [testng-7.10.2.jar:7.10.2]
	at org.testng.TestNG.runSuitesLocally(TestNG.java:1208) [testng-7.10.2.jar:7.10.2]
	at org.testng.TestNG.runSuites(TestNG.java:1112) [testng-7.10.2.jar:7.10.2]
	at org.testng.TestNG.run(TestNG.java:1079) [testng-7.10.2.jar:7.10.2]
	at org.testng.remote.AbstractRemoteTestNG.run(AbstractRemoteTestNG.java:115) [testng-remote.jar:?]
	at org.testng.remote.RemoteTestNG.initAndRun(RemoteTestNG.java:293) [testng-remote.jar:?]
	at org.testng.remote.RemoteTestNG.main(RemoteTestNG.java:91) [testng-remote.jar:?]
23:34:59.978 [main] INFO  com.api.listeners.TestListener - Test suite started
23:35:00.044 [main] INFO  com.api.listeners.TestListener - Test suite Started: loginTest
23:35:02.169 [main] INFO  com.api.listeners.TestListener - passedTest Passed: loginTest
08:55:49.507 [main] INFO  com.api.listeners.TestListener - Test suite started
08:55:49.626 [main] INFO  com.api.listeners.TestListener - Test suite Started: loginTest
08:55:52.037 [main] INFO  com.api.Filters.LoggingFilter - Request: POST http://64.227.160.186:8080/api/auth/login
08:55:52.038 [main] INFO  com.api.Filters.LoggingFilter - Headers: Accept=*/*
Content-Type=application/json
08:55:53.428 [main] INFO  com.api.listeners.TestListener - passedTest Passed: loginTest
08:56:31.448 [main] INFO  com.api.listeners.TestListener - Test suite started
08:56:31.545 [main] INFO  com.api.listeners.TestListener - Test suite Started: loginTest
08:56:33.668 [main] INFO  com.api.Filters.LoggingFilter - Request: POST http://64.227.160.186:8080/api/auth/login
08:56:33.668 [main] INFO  com.api.Filters.LoggingFilter - Headers: Accept=*/*
Content-Type=application/json
08:56:34.675 [main] INFO  com.api.listeners.TestListener - passedTest Passed: loginTest
